0 info it worked if it ends with ok
1 verbose cli [ '/usr/local/Cellar/node/7.2.0/bin/node',
1 verbose cli   '/usr/local/bin/npm',
1 verbose cli   'publish' ]
2 info using npm@3.10.9
3 info using node@v7.2.0
4 verbose publish [ '.' ]
5 silly cache add args [ '.', null ]
6 verbose cache add spec .
7 silly cache add parsed spec Result {
7 silly cache add   raw: '.',
7 silly cache add   scope: null,
7 silly cache add   escapedName: null,
7 silly cache add   name: null,
7 silly cache add   rawSpec: '.',
7 silly cache add   spec: '/Users/minhokang/Code/practice/NERD-cli',
7 silly cache add   type: 'directory' }
8 verbose addLocalDirectory /Users/minhokang/.npm/nerd-cli/0.0.1/package.tgz not in flight; packing
9 verbose correctMkdir /Users/minhokang/.npm correctMkdir not in flight; initializing
10 info lifecycle nerd-cli@0.0.1~prepublish: nerd-cli@0.0.1
11 silly lifecycle nerd-cli@0.0.1~prepublish: no script for prepublish, continuing
12 verbose tar pack [ '/Users/minhokang/.npm/nerd-cli/0.0.1/package.tgz',
12 verbose tar pack   '/Users/minhokang/Code/practice/NERD-cli' ]
13 verbose tarball /Users/minhokang/.npm/nerd-cli/0.0.1/package.tgz
14 verbose folder /Users/minhokang/Code/practice/NERD-cli
15 verbose addLocalTarball adding from inside cache /Users/minhokang/.npm/nerd-cli/0.0.1/package.tgz
16 verbose correctMkdir /Users/minhokang/.npm correctMkdir not in flight; initializing
17 silly cache afterAdd nerd-cli@0.0.1
18 verbose afterAdd /Users/minhokang/.npm/nerd-cli/0.0.1/package/package.json not in flight; writing
19 verbose correctMkdir /Users/minhokang/.npm correctMkdir not in flight; initializing
20 verbose afterAdd /Users/minhokang/.npm/nerd-cli/0.0.1/package/package.json written
21 silly publish { name: 'nerd-cli',
21 silly publish   version: '0.0.1',
21 silly publish   description: '',
21 silly publish   main: 'index.js',
21 silly publish   bin: { nerd: './bin/nerd.js' },
21 silly publish   scripts: { test: 'echo "Error: no test specified" && exit 1' },
21 silly publish   keywords: [ 'react', 'cli', 'api', 'command line' ],
21 silly publish   author: { name: 'milokang', email: 'milowebmaster@gmail.com' },
21 silly publish   repository:
21 silly publish    { type: 'git',
21 silly publish      url: 'git+https://github.com/milocosmopolitan/nerd-cli.git' },
21 silly publish   license: 'ISC',
21 silly publish   dependencies: { chalk: '^1.1.3', commander: '^2.9.0' },
21 silly publish   readme: 'ERROR: No README data found!',
21 silly publish   readmeFilename: 'README.MD',
21 silly publish   gitHead: '4fe14bd157619f61e126c427b50c59b5514821a4',
21 silly publish   bugs: { url: 'https://github.com/milocosmopolitan/nerd-cli/issues' },
21 silly publish   homepage: 'https://github.com/milocosmopolitan/nerd-cli#readme',
21 silly publish   _id: 'nerd-cli@0.0.1',
21 silly publish   _shasum: 'fa4497b155fb567c8a59963c81bd25177119478b',
21 silly publish   _from: '.' }
22 verbose getPublishConfig undefined
23 silly mapToRegistry name nerd-cli
24 silly mapToRegistry using default registry
25 silly mapToRegistry registry https://registry.npmjs.org/
26 silly mapToRegistry data Result {
26 silly mapToRegistry   raw: 'nerd-cli',
26 silly mapToRegistry   scope: null,
26 silly mapToRegistry   escapedName: 'nerd-cli',
26 silly mapToRegistry   name: 'nerd-cli',
26 silly mapToRegistry   rawSpec: '',
26 silly mapToRegistry   spec: 'latest',
26 silly mapToRegistry   type: 'tag' }
27 silly mapToRegistry uri https://registry.npmjs.org/nerd-cli
28 verbose publish registryBase https://registry.npmjs.org/
29 silly publish uploading /Users/minhokang/.npm/nerd-cli/0.0.1/package.tgz
30 verbose request uri https://registry.npmjs.org/nerd-cli
31 verbose request sending authorization for write operation
32 info attempt registry request try #1 at 8:16:21 PM
33 verbose request using bearer token for auth
34 verbose request id 237a600eb776d2ac
35 http request PUT https://registry.npmjs.org/nerd-cli
36 http 403 https://registry.npmjs.org/nerd-cli
37 verbose headers { 'content-type': 'application/json',
37 verbose headers   'cache-control': 'max-age=300',
37 verbose headers   'content-length': '102',
37 verbose headers   'accept-ranges': 'bytes',
37 verbose headers   date: 'Sat, 17 Dec 2016 01:16:22 GMT',
37 verbose headers   via: '1.1 varnish',
37 verbose headers   connection: 'keep-alive',
37 verbose headers   'x-served-by': 'cache-jfk8150-JFK',
37 verbose headers   'x-cache': 'MISS',
37 verbose headers   'x-cache-hits': '0',
37 verbose headers   'x-timer': 'S1481937382.054088,VS0,VE252',
37 verbose headers   vary: 'Accept-Encoding' }
38 verbose request invalidating /Users/minhokang/.npm/registry.npmjs.org/nerd-cli on PUT
39 error publish Failed PUT 403
40 verbose stack Error: you do not have permission to publish "nerd-cli". Are you logged in as the correct user? : nerd-cli
40 verbose stack     at makeError (/usr/local/lib/node_modules/npm/node_modules/npm-registry-client/lib/request.js:302:12)
40 verbose stack     at CachingRegistryClient.<anonymous> (/usr/local/lib/node_modules/npm/node_modules/npm-registry-client/lib/request.js:290:14)
40 verbose stack     at Request._callback (/usr/local/lib/node_modules/npm/node_modules/npm-registry-client/lib/request.js:210:14)
40 verbose stack     at Request.self.callback (/usr/local/lib/node_modules/npm/node_modules/request/request.js:187:22)
40 verbose stack     at emitTwo (events.js:106:13)
40 verbose stack     at Request.emit (events.js:191:7)
40 verbose stack     at Request.<anonymous> (/usr/local/lib/node_modules/npm/node_modules/request/request.js:1048:10)
40 verbose stack     at emitOne (events.js:96:13)
40 verbose stack     at Request.emit (events.js:188:7)
40 verbose stack     at IncomingMessage.<anonymous> (/usr/local/lib/node_modules/npm/node_modules/request/request.js:969:12)
41 verbose statusCode 403
42 verbose pkgid nerd-cli
43 verbose cwd /Users/minhokang/Code/practice/NERD-cli
44 error Darwin 16.1.0
45 error argv "/usr/local/Cellar/node/7.2.0/bin/node" "/usr/local/bin/npm" "publish"
46 error node v7.2.0
47 error npm  v3.10.9
48 error code E403
49 error you do not have permission to publish "nerd-cli". Are you logged in as the correct user? : nerd-cli
50 error If you need help, you may report this error at:
50 error     <https://github.com/npm/npm/issues>
51 verbose exit [ 1, true ]
